avr. 12, 2017 12:00:18 PM fr.uha.graphics.shapes.SCollection add
INFOS: Adding to collection : SRectangle [x=10 y=10 height=30 width=20]
avr. 12, 2017 12:00:18 PM fr.uha.graphics.shapes.SCollection add
INFOS: Adding to collection : fr.uha.graphics.shapes.SCircle@65b3120a
avr. 12, 2017 12:00:18 PM fr.uha.graphics.shapes.ui.ShapesView <init>
INFOS: ShapesView(fr.uha.graphics.shapes.SCollection@50040f0c)
avr. 12, 2017 12:00:18 PM fr.uha.graphics.shapes.ui.ShapesView paintComponent
INFOS: Calling paintComponant()
avr. 12, 2017 12:00:18 PM fr.uha.graphics.shapes.ui.ShapesView paintComponent
INFOS: Drawing componant : sun.java2d.SunGraphics2D[font=javax.swing.plaf.FontUIResource[family=Dialog,name=Dialog,style=plain,size=12],color=sun.swing.PrintColorUIResource[r=51,g=51,b=51]]
avr. 12, 2017 12:00:18 PM fr.uha.graphics.shapes.ui.ShapeDraftman visitRectangle
INFOS: Calling visitRectangle
avr. 12, 2017 12:00:18 PM fr.uha.graphics.shapes.ui.ShapeDraftman visitCircle
INFOS: Calling visitCircle
avr. 12, 2017 12:00:20 PM fr.uha.graphics.shapes.ui.ShapesView paintComponent
INFOS: Calling paintComponant()
avr. 12, 2017 12:00:20 PM fr.uha.graphics.shapes.ui.ShapesView paintComponent
INFOS: Drawing componant : sun.java2d.SunGraphics2D[font=javax.swing.plaf.FontUIResource[family=Dialog,name=Dialog,style=plain,size=12],color=sun.swing.PrintColorUIResource[r=51,g=51,b=51]]
avr. 12, 2017 12:00:20 PM fr.uha.graphics.shapes.ui.ShapeDraftman visitRectangle
INFOS: Calling visitRectangle
avr. 12, 2017 12:00:20 PM fr.uha.graphics.shapes.ui.ShapeDraftman visitCircle
INFOS: Calling visitCircle
avr. 12, 2017 12:00:22 PM fr.uha.graphics.shapes.ui.ShapesView paintComponent
INFOS: Calling paintComponant()
avr. 12, 2017 12:00:22 PM fr.uha.graphics.shapes.ui.ShapesView paintComponent
INFOS: Drawing componant : sun.java2d.SunGraphics2D[font=javax.swing.plaf.FontUIResource[family=Dialog,name=Dialog,style=plain,size=12],color=sun.swing.PrintColorUIResource[r=51,g=51,b=51]]
avr. 12, 2017 12:00:22 PM fr.uha.graphics.shapes.ui.ShapeDraftman visitRectangle
INFOS: Calling visitRectangle
avr. 12, 2017 12:00:22 PM fr.uha.graphics.shapes.ui.ShapeDraftman visitCircle
INFOS: Calling visitCircle
